<?xml version="1.0" encoding="UTF-8"?>
<testsuite xmlns:xsi="http://www.w3.org/2001/XMLSchema-instance" xsi:noNamespaceSchemaLocation="https://maven.apache.org/surefire/maven-surefire-plugin/xsd/surefire-test-report-3.0.xsd" version="3.0" name="com.udacity.catpoint.service.SecurityServiceTest" time="0.968" tests="18" errors="0" skipped="0" failures="0">
  <properties>
    <property name="java.specification.version" value="19"/>
    <property name="sun.cpu.isalist" value="amd64"/>
    <property name="sun.jnu.encoding" value="Cp1252"/>
    <property name="java.class.path" value="C:\Users\YOALANAZI\Desktop\java_course\javatest\starter\catpoint-parent\SecService\target\test-classes;C:\Users\YOALANAZI\.m2\repository\software\amazon\awssdk\protocol-core\2.18.34\protocol-core-2.18.34.jar;C:\Users\YOALANAZI\.m2\repository\org\reactivestreams\reactive-streams\1.0.3\reactive-streams-1.0.3.jar;C:\Users\YOALANAZI\.m2\repository\software\amazon\awssdk\annotations\2.18.34\annotations-2.18.34.jar;C:\Users\YOALANAZI\.m2\repository\software\amazon\awssdk\utils\2.18.34\utils-2.18.34.jar;C:\Users\YOALANAZI\.m2\repository\software\amazon\awssdk\http-client-spi\2.18.34\http-client-spi-2.18.34.jar;C:\Users\YOALANAZI\.m2\repository\software\amazon\awssdk\aws-json-protocol\2.18.34\aws-json-protocol-2.18.34.jar;C:\Users\YOALANAZI\.m2\repository\software\amazon\awssdk\third-party-jackson-core\2.18.34\third-party-jackson-core-2.18.34.jar;C:\Users\YOALANAZI\.m2\repository\software\amazon\awssdk\aws-core\2.18.34\aws-core-2.18.34.jar;C:\Users\YOALANAZI\.m2\repository\software\amazon\awssdk\metrics-spi\2.18.34\metrics-spi-2.18.34.jar;C:\Users\YOALANAZI\.m2\repository\software\amazon\awssdk\json-utils\2.18.34\json-utils-2.18.34.jar;C:\Users\YOALANAZI\.m2\repository\software\amazon\awssdk\endpoints-spi\2.18.34\endpoints-spi-2.18.34.jar;C:\Users\YOALANAZI\.m2\repository\software\amazon\awssdk\apache-client\2.18.34\apache-client-2.18.34.jar;C:\Users\YOALANAZI\.m2\repository\software\amazon\awssdk\netty-nio-client\2.18.34\netty-nio-client-2.18.34.jar;C:\Users\YOALANAZI\.m2\repository\io\netty\netty-codec-http\4.1.77.Final\netty-codec-http-4.1.77.Final.jar;C:\Users\YOALANAZI\.m2\repository\io\netty\netty-codec-http2\4.1.77.Final\netty-codec-http2-4.1.77.Final.jar;C:\Users\YOALANAZI\.m2\repository\io\netty\netty-codec\4.1.77.Final\netty-codec-4.1.77.Final.jar;C:\Users\YOALANAZI\.m2\repository\io\netty\netty-transport\4.1.77.Final\netty-transport-4.1.77.Final.jar;C:\Users\YOALANAZI\.m2\repository\io\netty\netty-resolver\4.1.77.Final\netty-resolver-4.1.77.Final.jar;C:\Users\YOALANAZI\.m2\repository\io\netty\netty-common\4.1.77.Final\netty-common-4.1.77.Final.jar;C:\Users\YOALANAZI\.m2\repository\io\netty\netty-buffer\4.1.77.Final\netty-buffer-4.1.77.Final.jar;C:\Users\YOALANAZI\.m2\repository\io\netty\netty-handler\4.1.77.Final\netty-handler-4.1.77.Final.jar;C:\Users\YOALANAZI\.m2\repository\io\netty\netty-transport-classes-epoll\4.1.77.Final\netty-transport-classes-epoll-4.1.77.Final.jar;C:\Users\YOALANAZI\.m2\repository\io\netty\netty-transport-native-unix-common\4.1.77.Final\netty-transport-native-unix-common-4.1.77.Final.jar;C:\Users\YOALANAZI\.m2\repository\software\amazon\awssdk\profiles\2.18.34\profiles-2.18.34.jar;C:\Users\YOALANAZI\.m2\repository\software\amazon\eventstream\eventstream\1.0.1\eventstream-1.0.1.jar;C:\Users\YOALANAZI\.m2\repository\org\mockito\mockito-junit-jupiter\4.8.0\mockito-junit-jupiter-4.8.0.jar;C:\Users\YOALANAZI\.m2\repository\org\junit\jupiter\junit-jupiter-api\5.9.1\junit-jupiter-api-5.9.1.jar;C:\Users\YOALANAZI\.m2\repository\org\opentest4j\opentest4j\1.2.0\opentest4j-1.2.0.jar;C:\Users\YOALANAZI\.m2\repository\org\junit\platform\junit-platform-commons\1.9.1\junit-platform-commons-1.9.1.jar;C:\Users\YOALANAZI\.m2\repository\org\apiguardian\apiguardian-api\1.1.2\apiguardian-api-1.1.2.jar;C:\Users\YOALANAZI\.m2\repository\org\mockito\mockito-core\4.8.0\mockito-core-4.8.0.jar;C:\Users\YOALANAZI\.m2\repository\net\bytebuddy\byte-buddy\1.12.14\byte-buddy-1.12.14.jar;C:\Users\YOALANAZI\.m2\repository\net\bytebuddy\byte-buddy-agent\1.12.14\byte-buddy-agent-1.12.14.jar;C:\Users\YOALANAZI\.m2\repository\org\objenesis\objenesis\3.2\objenesis-3.2.jar;C:\Users\YOALANAZI\.m2\repository\org\junit\jupiter\junit-jupiter-params\5.9.1\junit-jupiter-params-5.9.1.jar;C:\Users\YOALANAZI\.m2\repository\com\miglayout\miglayout-core\5.0\miglayout-core-5.0.jar;C:\Users\YOALANAZI\.m2\repository\com\openhtmltopdf\openhtmltopdf-core\0.0.1-RC9\openhtmltopdf-core-0.0.1-RC9.jar;C:\Users\YOALANAZI\.m2\repository\com\github\spotbugs\spotbugs-maven-plugin\4.7.3.0\spotbugs-maven-plugin-4.7.3.0.jar;C:\Users\YOALANAZI\.m2\repository\com\github\spotbugs\spotbugs\4.7.3\spotbugs-4.7.3.jar;C:\Users\YOALANAZI\.m2\repository\org\apache\bcel\bcel\6.5.0\bcel-6.5.0.jar;C:\Users\YOALANAZI\.m2\repository\net\jcip\jcip-annotations\1.0\jcip-annotations-1.0.jar;C:\Users\YOALANAZI\.m2\repository\org\dom4j\dom4j\2.1.3\dom4j-2.1.3.jar;C:\Users\YOALANAZI\.m2\repository\org\apache\commons\commons-text\1.10.0\commons-text-1.10.0.jar;C:\Users\YOALANAZI\.m2\repository\com\github\spotbugs\spotbugs-annotations\4.7.3\spotbugs-annotations-4.7.3.jar;C:\Users\YOALANAZI\.m2\repository\com\google\code\findbugs\jsr305\3.0.2\jsr305-3.0.2.jar;C:\Users\YOALANAZI\.m2\repository\jaxen\jaxen\1.2.0\jaxen-1.2.0.jar;C:\Users\YOALANAZI\.m2\repository\net\sf\saxon\Saxon-HE\11.4\Saxon-HE-11.4.jar;C:\Users\YOALANAZI\.m2\repository\org\xmlresolver\xmlresolver\4.4.3\xmlresolver-4.4.3.jar;C:\Users\YOALANAZI\.m2\repository\org\apache\httpcomponents\client5\httpclient5\5.1.3\httpclient5-5.1.3.jar;C:\Users\YOALANAZI\.m2\repository\org\apache\httpcomponents\core5\httpcore5-h2\5.1.3\httpcore5-h2-5.1.3.jar;C:\Users\YOALANAZI\.m2\repository\org\apache\httpcomponents\core5\httpcore5\5.1.3\httpcore5-5.1.3.jar;C:\Users\YOALANAZI\.m2\repository\xml-apis\xml-apis\1.4.01\xml-apis-1.4.01.jar;C:\Users\YOALANAZI\.m2\repository\org\xmlresolver\xmlresolver\4.4.3\xmlresolver-4.4.3-data.jar;C:\Users\YOALANAZI\.m2\repository\org\apache\logging\log4j\log4j-core\2.19.0\log4j-core-2.19.0.jar;C:\Users\YOALANAZI\.m2\repository\org\apache\logging\log4j\log4j-api\2.19.0\log4j-api-2.19.0.jar;C:\Users\YOALANAZI\.m2\repository\org\slf4j\jcl-over-slf4j\2.0.3\jcl-over-slf4j-2.0.3.jar;C:\Users\YOALANAZI\.m2\repository\org\slf4j\slf4j-simple\2.0.3\slf4j-simple-2.0.3.jar;C:\Users\YOALANAZI\.m2\repository\org\ow2\asm\asm\9.4\asm-9.4.jar;C:\Users\YOALANAZI\.m2\repository\org\ow2\asm\asm-analysis\9.4\asm-analysis-9.4.jar;C:\Users\YOALANAZI\.m2\repository\org\ow2\asm\asm-commons\9.4\asm-commons-9.4.jar;C:\Users\YOALANAZI\.m2\repository\org\ow2\asm\asm-tree\9.4\asm-tree-9.4.jar;C:\Users\YOALANAZI\.m2\repository\org\ow2\asm\asm-util\9.4\asm-util-9.4.jar;C:\Users\YOALANAZI\.m2\repository\org\apache\ant\ant\1.10.12\ant-1.10.12.jar;C:\Users\YOALANAZI\.m2\repository\org\apache\ant\ant-launcher\1.10.12\ant-launcher-1.10.12.jar;C:\Users\YOALANAZI\.m2\repository\org\apache\groovy\groovy\4.0.6\groovy-4.0.6.jar;C:\Users\YOALANAZI\.m2\repository\org\apache\groovy\groovy-ant\4.0.6\groovy-ant-4.0.6.jar;C:\Users\YOALANAZI\.m2\repository\org\apache\groovy\groovy-groovydoc\4.0.6\groovy-groovydoc-4.0.6.jar;C:\Users\YOALANAZI\.m2\repository\org\apache\groovy\groovy-dateutil\4.0.6\groovy-dateutil-4.0.6.jar;C:\Users\YOALANAZI\.m2\repository\org\apache\groovy\groovy-docgenerator\4.0.6\groovy-docgenerator-4.0.6.jar;C:\Users\YOALANAZI\.m2\repository\com\thoughtworks\qdox\qdox\1.12.1\qdox-1.12.1.jar;C:\Users\YOALANAZI\.m2\repository\org\apache\groovy\groovy-json\4.0.6\groovy-json-4.0.6.jar;C:\Users\YOALANAZI\.m2\repository\org\apache\groovy\groovy-templates\4.0.6\groovy-templates-4.0.6.jar;C:\Users\YOALANAZI\.m2\repository\org\apache\groovy\groovy-xml\4.0.6\groovy-xml-4.0.6.jar;C:\Users\YOALANAZI\.m2\repository\com\github\javaparser\javaparser-core\3.24.7\javaparser-core-3.24.7.jar;C:\Users\YOALANAZI\.m2\repository\org\apache\maven\reporting\maven-reporting-impl\3.2.0\maven-reporting-impl-3.2.0.jar;C:\Users\YOALANAZI\.m2\repository\org\apache\maven\maven-core\3.1.0\maven-core-3.1.0.jar;C:\Users\YOALANAZI\.m2\repository\org\apache\maven\maven-settings\3.1.0\maven-settings-3.1.0.jar;C:\Users\YOALANAZI\.m2\repository\org\apache\maven\maven-settings-builder\3.1.0\maven-settings-builder-3.1.0.jar;C:\Users\YOALANAZI\.m2\repository\org\apache\maven\maven-repository-metadata\3.1.0\maven-repository-metadata-3.1.0.jar;C:\Users\YOALANAZI\.m2\repository\org\apache\maven\maven-model-builder\3.1.0\maven-model-builder-3.1.0.jar;C:\Users\YOALANAZI\.m2\repository\org\apache\maven\maven-aether-provider\3.1.0\maven-aether-provider-3.1.0.jar;C:\Users\YOALANAZI\.m2\repository\org\eclipse\aether\aether-spi\0.9.0.M2\aether-spi-0.9.0.M2.jar;C:\Users\YOALANAZI\.m2\repository\org\eclipse\aether\aether-impl\0.9.0.M2\aether-impl-0.9.0.M2.jar;C:\Users\YOALANAZI\.m2\repository\org\eclipse\aether\aether-api\0.9.0.M2\aether-api-0.9.0.M2.jar;C:\Users\YOALANAZI\.m2\repository\org\eclipse\aether\aether-util\0.9.0.M2\aether-util-0.9.0.M2.jar;C:\Users\YOALANAZI\.m2\repository\org\eclipse\sisu\org.eclipse.sisu.plexus\0.0.0.M2a\org.eclipse.sisu.plexus-0.0.0.M2a.jar;C:\Users\YOALANAZI\.m2\repository\javax\enterprise\cdi-api\1.0\cdi-api-1.0.jar;C:\Users\YOALANAZI\.m2\repository\javax\annotation\jsr250-api\1.0\jsr250-api-1.0.jar;C:\Users\YOALANAZI\.m2\repository\org\sonatype\sisu\sisu-guice\3.1.0\sisu-guice-3.1.0-no_aop.jar;C:\Users\YOALANAZI\.m2\repository\aopalliance\aopalliance\1.0\aopalliance-1.0.jar;C:\Users\YOALANAZI\.m2\repository\org\eclipse\sisu\org.eclipse.sisu.inject\0.0.0.M2a\org.eclipse.sisu.inject-0.0.0.M2a.jar;C:\Users\YOALANAZI\.m2\repository\asm\asm\3.3.1\asm-3.3.1.jar;C:\Users\YOALANAZI\.m2\repository\org\sonatype\plexus\plexus-sec-dispatcher\1.3\plexus-sec-dispatcher-1.3.jar;C:\Users\YOALANAZI\.m2\repository\org\sonatype\plexus\plexus-cipher\1.4\plexus-cipher-1.4.jar;C:\Users\YOALANAZI\.m2\repository\org\apache\maven\maven-artifact\3.1.0\maven-artifact-3.1.0.jar;C:\Users\YOALANAZI\.m2\repository\org\apache\maven\maven-plugin-api\3.1.0\maven-plugin-api-3.1.0.jar;C:\Users\YOALANAZI\.m2\repository\org\apache\maven\reporting\maven-reporting-api\3.1.1\maven-reporting-api-3.1.1.jar;C:\Users\YOALANAZI\.m2\repository\org\apache\maven\shared\maven-artifact-transfer\0.13.1\maven-artifact-transfer-0.13.1.jar;C:\Users\YOALANAZI\.m2\repository\org\codehaus\plexus\plexus-component-annotations\2.0.0\plexus-component-annotations-2.0.0.jar;C:\Users\YOALANAZI\.m2\repository\org\apache\maven\shared\maven-common-artifact-filters\3.3.2\maven-common-artifact-filters-3.3.2.jar;C:\Users\YOALANAZI\.m2\repository\org\apache\maven\shared\maven-shared-utils\3.3.4\maven-shared-utils-3.3.4.jar;C:\Users\YOALANAZI\.m2\repository\org\apache\maven\doxia\doxia-core\1.11.1\doxia-core-1.11.1.jar;C:\Users\YOALANAZI\.m2\repository\org\apache\maven\doxia\doxia-logging-api\1.11.1\doxia-logging-api-1.11.1.jar;C:\Users\YOALANAZI\.m2\repository\org\apache\httpcomponents\httpclient\4.5.13\httpclient-4.5.13.jar;C:\Users\YOALANAZI\.m2\repository\org\apache\httpcomponents\httpcore\4.4.14\httpcore-4.4.14.jar;C:\Users\YOALANAZI\.m2\repository\org\apache\maven\doxia\doxia-sink-api\1.11.1\doxia-sink-api-1.11.1.jar;C:\Users\YOALANAZI\.m2\repository\org\apache\maven\doxia\doxia-decoration-model\1.11.1\doxia-decoration-model-1.11.1.jar;C:\Users\YOALANAZI\.m2\repository\org\apache\maven\doxia\doxia-site-renderer\1.11.1\doxia-site-renderer-1.11.1.jar;C:\Users\YOALANAZI\.m2\repository\org\apache\maven\doxia\doxia-skin-model\1.11.1\doxia-skin-model-1.11.1.jar;C:\Users\YOALANAZI\.m2\repository\org\apache\maven\doxia\doxia-module-xhtml\1.11.1\doxia-module-xhtml-1.11.1.jar;C:\Users\YOALANAZI\.m2\repository\org\apache\maven\doxia\doxia-module-xhtml5\1.11.1\doxia-module-xhtml5-1.11.1.jar;C:\Users\YOALANAZI\.m2\repository\org\codehaus\plexus\plexus-i18n\1.0-beta-10\plexus-i18n-1.0-beta-10.jar;C:\Users\YOALANAZI\.m2\repository\org\codehaus\plexus\plexus-velocity\1.2\plexus-velocity-1.2.jar;C:\Users\YOALANAZI\.m2\repository\org\apache\velocity\velocity\1.7\velocity-1.7.jar;C:\Users\YOALANAZI\.m2\repository\org\apache\velocity\velocity-tools\2.0\velocity-tools-2.0.jar;C:\Users\YOALANAZI\.m2\repository\oro\oro\2.0.8\oro-2.0.8.jar;C:\Users\YOALANAZI\.m2\repository\org\apache\maven\doxia\doxia-integration-tools\1.11.1\doxia-integration-tools-1.11.1.jar;C:\Users\YOALANAZI\.m2\repository\org\apache\maven\maven-model\2.2.1\maven-model-2.2.1.jar;C:\Users\YOALANAZI\.m2\repository\org\codehaus\plexus\plexus-interpolation\1.26\plexus-interpolation-1.26.jar;C:\Users\YOALANAZI\.m2\repository\commons-beanutils\commons-beanutils\1.9.4\commons-beanutils-1.9.4.jar;C:\Users\YOALANAZI\.m2\repository\commons-chain\commons-chain\1.2\commons-chain-1.2.jar;C:\Users\YOALANAZI\.m2\repository\commons-codec\commons-codec\1.15\commons-codec-1.15.jar;C:\Users\YOALANAZI\.m2\repository\commons-collections\commons-collections\3.2.2\commons-collections-3.2.2.jar;C:\Users\YOALANAZI\.m2\repository\commons-digester\commons-digester\2.1\commons-digester-2.1.jar;C:\Users\YOALANAZI\.m2\repository\commons-io\commons-io\2.11.0\commons-io-2.11.0.jar;C:\Users\YOALANAZI\.m2\repository\commons-lang\commons-lang\2.6\commons-lang-2.6.jar;C:\Users\YOALANAZI\.m2\repository\org\apache\commons\commons-lang3\3.12.0\commons-lang3-3.12.0.jar;C:\Users\YOALANAZI\.m2\repository\org\codehaus\plexus\plexus-container-default\2.1.1\plexus-container-default-2.1.1.jar;C:\Users\YOALANAZI\.m2\repository\org\codehaus\plexus\plexus-classworlds\2.6.0\plexus-classworlds-2.6.0.jar;C:\Users\YOALANAZI\.m2\repository\org\apache\xbean\xbean-reflect\3.7\xbean-reflect-3.7.jar;C:\Users\YOALANAZI\.m2\repository\junit\junit\4.13.2\junit-4.13.2.jar;C:\Users\YOALANAZI\.m2\repository\org\hamcrest\hamcrest-core\1.3\hamcrest-core-1.3.jar;C:\Users\YOALANAZI\.m2\repository\org\codehaus\plexus\plexus-resources\1.2.0\plexus-resources-1.2.0.jar;C:\Users\YOALANAZI\.m2\repository\javax\inject\javax.inject\1\javax.inject-1.jar;C:\Users\YOALANAZI\.m2\repository\org\codehaus\plexus\plexus-utils\3.5.0\plexus-utils-3.5.0.jar;"/>
    <property name="java.vm.vendor" value="Oracle Corporation"/>
    <property name="sun.arch.data.model" value="64"/>
    <property name="user.variant" value=""/>
    <property name="java.vendor.url" value="https://java.oracle.com/"/>
    <property name="user.timezone" value="Asia/Riyadh"/>
    <property name="os.name" value="Windows 10"/>
    <property name="java.vm.specification.version" value="19"/>
    <property name="sun.java.launcher" value="SUN_STANDARD"/>
    <property name="user.country" value="US"/>
    <property name="sun.boot.library.path" value="C:\Program Files\Java\jdk-19\bin"/>
    <property name="sun.java.command" value="org.apache.maven.surefire.booter.ForkedBooter C:\Users\YOALANAZI\AppData\Local\Temp\surefire16620001529062932191 2023-01-01T15-36-03_768-jvmRun1 surefire8338224265921320787tmp surefire_017318374098649829513tmp"/>
    <property name="jdk.debug" value="release"/>
    <property name="surefire.test.class.path" value="C:\Users\YOALANAZI\Desktop\java_course\javatest\starter\catpoint-parent\SecService\target\test-classes;C:\Users\YOALANAZI\.m2\repository\software\amazon\awssdk\protocol-core\2.18.34\protocol-core-2.18.34.jar;C:\Users\YOALANAZI\.m2\repository\org\reactivestreams\reactive-streams\1.0.3\reactive-streams-1.0.3.jar;C:\Users\YOALANAZI\.m2\repository\software\amazon\awssdk\annotations\2.18.34\annotations-2.18.34.jar;C:\Users\YOALANAZI\.m2\repository\software\amazon\awssdk\utils\2.18.34\utils-2.18.34.jar;C:\Users\YOALANAZI\.m2\repository\software\amazon\awssdk\http-client-spi\2.18.34\http-client-spi-2.18.34.jar;C:\Users\YOALANAZI\.m2\repository\software\amazon\awssdk\aws-json-protocol\2.18.34\aws-json-protocol-2.18.34.jar;C:\Users\YOALANAZI\.m2\repository\software\amazon\awssdk\third-party-jackson-core\2.18.34\third-party-jackson-core-2.18.34.jar;C:\Users\YOALANAZI\.m2\repository\software\amazon\awssdk\aws-core\2.18.34\aws-core-2.18.34.jar;C:\Users\YOALANAZI\.m2\repository\software\amazon\awssdk\metrics-spi\2.18.34\metrics-spi-2.18.34.jar;C:\Users\YOALANAZI\.m2\repository\software\amazon\awssdk\json-utils\2.18.34\json-utils-2.18.34.jar;C:\Users\YOALANAZI\.m2\repository\software\amazon\awssdk\endpoints-spi\2.18.34\endpoints-spi-2.18.34.jar;C:\Users\YOALANAZI\.m2\repository\software\amazon\awssdk\apache-client\2.18.34\apache-client-2.18.34.jar;C:\Users\YOALANAZI\.m2\repository\software\amazon\awssdk\netty-nio-client\2.18.34\netty-nio-client-2.18.34.jar;C:\Users\YOALANAZI\.m2\repository\io\netty\netty-codec-http\4.1.77.Final\netty-codec-http-4.1.77.Final.jar;C:\Users\YOALANAZI\.m2\repository\io\netty\netty-codec-http2\4.1.77.Final\netty-codec-http2-4.1.77.Final.jar;C:\Users\YOALANAZI\.m2\repository\io\netty\netty-codec\4.1.77.Final\netty-codec-4.1.77.Final.jar;C:\Users\YOALANAZI\.m2\repository\io\netty\netty-transport\4.1.77.Final\netty-transport-4.1.77.Final.jar;C:\Users\YOALANAZI\.m2\repository\io\netty\netty-resolver\4.1.77.Final\netty-resolver-4.1.77.Final.jar;C:\Users\YOALANAZI\.m2\repository\io\netty\netty-common\4.1.77.Final\netty-common-4.1.77.Final.jar;C:\Users\YOALANAZI\.m2\repository\io\netty\netty-buffer\4.1.77.Final\netty-buffer-4.1.77.Final.jar;C:\Users\YOALANAZI\.m2\repository\io\netty\netty-handler\4.1.77.Final\netty-handler-4.1.77.Final.jar;C:\Users\YOALANAZI\.m2\repository\io\netty\netty-transport-classes-epoll\4.1.77.Final\netty-transport-classes-epoll-4.1.77.Final.jar;C:\Users\YOALANAZI\.m2\repository\io\netty\netty-transport-native-unix-common\4.1.77.Final\netty-transport-native-unix-common-4.1.77.Final.jar;C:\Users\YOALANAZI\.m2\repository\software\amazon\awssdk\profiles\2.18.34\profiles-2.18.34.jar;C:\Users\YOALANAZI\.m2\repository\software\amazon\eventstream\eventstream\1.0.1\eventstream-1.0.1.jar;C:\Users\YOALANAZI\.m2\repository\org\mockito\mockito-junit-jupiter\4.8.0\mockito-junit-jupiter-4.8.0.jar;C:\Users\YOALANAZI\.m2\repository\org\junit\jupiter\junit-jupiter-api\5.9.1\junit-jupiter-api-5.9.1.jar;C:\Users\YOALANAZI\.m2\repository\org\opentest4j\opentest4j\1.2.0\opentest4j-1.2.0.jar;C:\Users\YOALANAZI\.m2\repository\org\junit\platform\junit-platform-commons\1.9.1\junit-platform-commons-1.9.1.jar;C:\Users\YOALANAZI\.m2\repository\org\apiguardian\apiguardian-api\1.1.2\apiguardian-api-1.1.2.jar;C:\Users\YOALANAZI\.m2\repository\org\mockito\mockito-core\4.8.0\mockito-core-4.8.0.jar;C:\Users\YOALANAZI\.m2\repository\net\bytebuddy\byte-buddy\1.12.14\byte-buddy-1.12.14.jar;C:\Users\YOALANAZI\.m2\repository\net\bytebuddy\byte-buddy-agent\1.12.14\byte-buddy-agent-1.12.14.jar;C:\Users\YOALANAZI\.m2\repository\org\objenesis\objenesis\3.2\objenesis-3.2.jar;C:\Users\YOALANAZI\.m2\repository\org\junit\jupiter\junit-jupiter-params\5.9.1\junit-jupiter-params-5.9.1.jar;C:\Users\YOALANAZI\.m2\repository\com\miglayout\miglayout-core\5.0\miglayout-core-5.0.jar;C:\Users\YOALANAZI\.m2\repository\com\openhtmltopdf\openhtmltopdf-core\0.0.1-RC9\openhtmltopdf-core-0.0.1-RC9.jar;C:\Users\YOALANAZI\.m2\repository\com\github\spotbugs\spotbugs-maven-plugin\4.7.3.0\spotbugs-maven-plugin-4.7.3.0.jar;C:\Users\YOALANAZI\.m2\repository\com\github\spotbugs\spotbugs\4.7.3\spotbugs-4.7.3.jar;C:\Users\YOALANAZI\.m2\repository\org\apache\bcel\bcel\6.5.0\bcel-6.5.0.jar;C:\Users\YOALANAZI\.m2\repository\net\jcip\jcip-annotations\1.0\jcip-annotations-1.0.jar;C:\Users\YOALANAZI\.m2\repository\org\dom4j\dom4j\2.1.3\dom4j-2.1.3.jar;C:\Users\YOALANAZI\.m2\repository\org\apache\commons\commons-text\1.10.0\commons-text-1.10.0.jar;C:\Users\YOALANAZI\.m2\repository\com\github\spotbugs\spotbugs-annotations\4.7.3\spotbugs-annotations-4.7.3.jar;C:\Users\YOALANAZI\.m2\repository\com\google\code\findbugs\jsr305\3.0.2\jsr305-3.0.2.jar;C:\Users\YOALANAZI\.m2\repository\jaxen\jaxen\1.2.0\jaxen-1.2.0.jar;C:\Users\YOALANAZI\.m2\repository\net\sf\saxon\Saxon-HE\11.4\Saxon-HE-11.4.jar;C:\Users\YOALANAZI\.m2\repository\org\xmlresolver\xmlresolver\4.4.3\xmlresolver-4.4.3.jar;C:\Users\YOALANAZI\.m2\repository\org\apache\httpcomponents\client5\httpclient5\5.1.3\httpclient5-5.1.3.jar;C:\Users\YOALANAZI\.m2\repository\org\apache\httpcomponents\core5\httpcore5-h2\5.1.3\httpcore5-h2-5.1.3.jar;C:\Users\YOALANAZI\.m2\repository\org\apache\httpcomponents\core5\httpcore5\5.1.3\httpcore5-5.1.3.jar;C:\Users\YOALANAZI\.m2\repository\xml-apis\xml-apis\1.4.01\xml-apis-1.4.01.jar;C:\Users\YOALANAZI\.m2\repository\org\xmlresolver\xmlresolver\4.4.3\xmlresolver-4.4.3-data.jar;C:\Users\YOALANAZI\.m2\repository\org\apache\logging\log4j\log4j-core\2.19.0\log4j-core-2.19.0.jar;C:\Users\YOALANAZI\.m2\repository\org\apache\logging\log4j\log4j-api\2.19.0\log4j-api-2.19.0.jar;C:\Users\YOALANAZI\.m2\repository\org\slf4j\jcl-over-slf4j\2.0.3\jcl-over-slf4j-2.0.3.jar;C:\Users\YOALANAZI\.m2\repository\org\slf4j\slf4j-simple\2.0.3\slf4j-simple-2.0.3.jar;C:\Users\YOALANAZI\.m2\repository\org\ow2\asm\asm\9.4\asm-9.4.jar;C:\Users\YOALANAZI\.m2\repository\org\ow2\asm\asm-analysis\9.4\asm-analysis-9.4.jar;C:\Users\YOALANAZI\.m2\repository\org\ow2\asm\asm-commons\9.4\asm-commons-9.4.jar;C:\Users\YOALANAZI\.m2\repository\org\ow2\asm\asm-tree\9.4\asm-tree-9.4.jar;C:\Users\YOALANAZI\.m2\repository\org\ow2\asm\asm-util\9.4\asm-util-9.4.jar;C:\Users\YOALANAZI\.m2\repository\org\apache\ant\ant\1.10.12\ant-1.10.12.jar;C:\Users\YOALANAZI\.m2\repository\org\apache\ant\ant-launcher\1.10.12\ant-launcher-1.10.12.jar;C:\Users\YOALANAZI\.m2\repository\org\apache\groovy\groovy\4.0.6\groovy-4.0.6.jar;C:\Users\YOALANAZI\.m2\repository\org\apache\groovy\groovy-ant\4.0.6\groovy-ant-4.0.6.jar;C:\Users\YOALANAZI\.m2\repository\org\apache\groovy\groovy-groovydoc\4.0.6\groovy-groovydoc-4.0.6.jar;C:\Users\YOALANAZI\.m2\repository\org\apache\groovy\groovy-dateutil\4.0.6\groovy-dateutil-4.0.6.jar;C:\Users\YOALANAZI\.m2\repository\org\apache\groovy\groovy-docgenerator\4.0.6\groovy-docgenerator-4.0.6.jar;C:\Users\YOALANAZI\.m2\repository\com\thoughtworks\qdox\qdox\1.12.1\qdox-1.12.1.jar;C:\Users\YOALANAZI\.m2\repository\org\apache\groovy\groovy-json\4.0.6\groovy-json-4.0.6.jar;C:\Users\YOALANAZI\.m2\repository\org\apache\groovy\groovy-templates\4.0.6\groovy-templates-4.0.6.jar;C:\Users\YOALANAZI\.m2\repository\org\apache\groovy\groovy-xml\4.0.6\groovy-xml-4.0.6.jar;C:\Users\YOALANAZI\.m2\repository\com\github\javaparser\javaparser-core\3.24.7\javaparser-core-3.24.7.jar;C:\Users\YOALANAZI\.m2\repository\org\apache\maven\reporting\maven-reporting-impl\3.2.0\maven-reporting-impl-3.2.0.jar;C:\Users\YOALANAZI\.m2\repository\org\apache\maven\maven-core\3.1.0\maven-core-3.1.0.jar;C:\Users\YOALANAZI\.m2\repository\org\apache\maven\maven-settings\3.1.0\maven-settings-3.1.0.jar;C:\Users\YOALANAZI\.m2\repository\org\apache\maven\maven-settings-builder\3.1.0\maven-settings-builder-3.1.0.jar;C:\Users\YOALANAZI\.m2\repository\org\apache\maven\maven-repository-metadata\3.1.0\maven-repository-metadata-3.1.0.jar;C:\Users\YOALANAZI\.m2\repository\org\apache\maven\maven-model-builder\3.1.0\maven-model-builder-3.1.0.jar;C:\Users\YOALANAZI\.m2\repository\org\apache\maven\maven-aether-provider\3.1.0\maven-aether-provider-3.1.0.jar;C:\Users\YOALANAZI\.m2\repository\org\eclipse\aether\aether-spi\0.9.0.M2\aether-spi-0.9.0.M2.jar;C:\Users\YOALANAZI\.m2\repository\org\eclipse\aether\aether-impl\0.9.0.M2\aether-impl-0.9.0.M2.jar;C:\Users\YOALANAZI\.m2\repository\org\eclipse\aether\aether-api\0.9.0.M2\aether-api-0.9.0.M2.jar;C:\Users\YOALANAZI\.m2\repository\org\eclipse\aether\aether-util\0.9.0.M2\aether-util-0.9.0.M2.jar;C:\Users\YOALANAZI\.m2\repository\org\eclipse\sisu\org.eclipse.sisu.plexus\0.0.0.M2a\org.eclipse.sisu.plexus-0.0.0.M2a.jar;C:\Users\YOALANAZI\.m2\repository\javax\enterprise\cdi-api\1.0\cdi-api-1.0.jar;C:\Users\YOALANAZI\.m2\repository\javax\annotation\jsr250-api\1.0\jsr250-api-1.0.jar;C:\Users\YOALANAZI\.m2\repository\org\sonatype\sisu\sisu-guice\3.1.0\sisu-guice-3.1.0-no_aop.jar;C:\Users\YOALANAZI\.m2\repository\aopalliance\aopalliance\1.0\aopalliance-1.0.jar;C:\Users\YOALANAZI\.m2\repository\org\eclipse\sisu\org.eclipse.sisu.inject\0.0.0.M2a\org.eclipse.sisu.inject-0.0.0.M2a.jar;C:\Users\YOALANAZI\.m2\repository\asm\asm\3.3.1\asm-3.3.1.jar;C:\Users\YOALANAZI\.m2\repository\org\sonatype\plexus\plexus-sec-dispatcher\1.3\plexus-sec-dispatcher-1.3.jar;C:\Users\YOALANAZI\.m2\repository\org\sonatype\plexus\plexus-cipher\1.4\plexus-cipher-1.4.jar;C:\Users\YOALANAZI\.m2\repository\org\apache\maven\maven-artifact\3.1.0\maven-artifact-3.1.0.jar;C:\Users\YOALANAZI\.m2\repository\org\apache\maven\maven-plugin-api\3.1.0\maven-plugin-api-3.1.0.jar;C:\Users\YOALANAZI\.m2\repository\org\apache\maven\reporting\maven-reporting-api\3.1.1\maven-reporting-api-3.1.1.jar;C:\Users\YOALANAZI\.m2\repository\org\apache\maven\shared\maven-artifact-transfer\0.13.1\maven-artifact-transfer-0.13.1.jar;C:\Users\YOALANAZI\.m2\repository\org\codehaus\plexus\plexus-component-annotations\2.0.0\plexus-component-annotations-2.0.0.jar;C:\Users\YOALANAZI\.m2\repository\org\apache\maven\shared\maven-common-artifact-filters\3.3.2\maven-common-artifact-filters-3.3.2.jar;C:\Users\YOALANAZI\.m2\repository\org\apache\maven\shared\maven-shared-utils\3.3.4\maven-shared-utils-3.3.4.jar;C:\Users\YOALANAZI\.m2\repository\org\apache\maven\doxia\doxia-core\1.11.1\doxia-core-1.11.1.jar;C:\Users\YOALANAZI\.m2\repository\org\apache\maven\doxia\doxia-logging-api\1.11.1\doxia-logging-api-1.11.1.jar;C:\Users\YOALANAZI\.m2\repository\org\apache\httpcomponents\httpclient\4.5.13\httpclient-4.5.13.jar;C:\Users\YOALANAZI\.m2\repository\org\apache\httpcomponents\httpcore\4.4.14\httpcore-4.4.14.jar;C:\Users\YOALANAZI\.m2\repository\org\apache\maven\doxia\doxia-sink-api\1.11.1\doxia-sink-api-1.11.1.jar;C:\Users\YOALANAZI\.m2\repository\org\apache\maven\doxia\doxia-decoration-model\1.11.1\doxia-decoration-model-1.11.1.jar;C:\Users\YOALANAZI\.m2\repository\org\apache\maven\doxia\doxia-site-renderer\1.11.1\doxia-site-renderer-1.11.1.jar;C:\Users\YOALANAZI\.m2\repository\org\apache\maven\doxia\doxia-skin-model\1.11.1\doxia-skin-model-1.11.1.jar;C:\Users\YOALANAZI\.m2\repository\org\apache\maven\doxia\doxia-module-xhtml\1.11.1\doxia-module-xhtml-1.11.1.jar;C:\Users\YOALANAZI\.m2\repository\org\apache\maven\doxia\doxia-module-xhtml5\1.11.1\doxia-module-xhtml5-1.11.1.jar;C:\Users\YOALANAZI\.m2\repository\org\codehaus\plexus\plexus-i18n\1.0-beta-10\plexus-i18n-1.0-beta-10.jar;C:\Users\YOALANAZI\.m2\repository\org\codehaus\plexus\plexus-velocity\1.2\plexus-velocity-1.2.jar;C:\Users\YOALANAZI\.m2\repository\org\apache\velocity\velocity\1.7\velocity-1.7.jar;C:\Users\YOALANAZI\.m2\repository\org\apache\velocity\velocity-tools\2.0\velocity-tools-2.0.jar;C:\Users\YOALANAZI\.m2\repository\oro\oro\2.0.8\oro-2.0.8.jar;C:\Users\YOALANAZI\.m2\repository\org\apache\maven\doxia\doxia-integration-tools\1.11.1\doxia-integration-tools-1.11.1.jar;C:\Users\YOALANAZI\.m2\repository\org\apache\maven\maven-model\2.2.1\maven-model-2.2.1.jar;C:\Users\YOALANAZI\.m2\repository\org\codehaus\plexus\plexus-interpolation\1.26\plexus-interpolation-1.26.jar;C:\Users\YOALANAZI\.m2\repository\commons-beanutils\commons-beanutils\1.9.4\commons-beanutils-1.9.4.jar;C:\Users\YOALANAZI\.m2\repository\commons-chain\commons-chain\1.2\commons-chain-1.2.jar;C:\Users\YOALANAZI\.m2\repository\commons-codec\commons-codec\1.15\commons-codec-1.15.jar;C:\Users\YOALANAZI\.m2\repository\commons-collections\commons-collections\3.2.2\commons-collections-3.2.2.jar;C:\Users\YOALANAZI\.m2\repository\commons-digester\commons-digester\2.1\commons-digester-2.1.jar;C:\Users\YOALANAZI\.m2\repository\commons-io\commons-io\2.11.0\commons-io-2.11.0.jar;C:\Users\YOALANAZI\.m2\repository\commons-lang\commons-lang\2.6\commons-lang-2.6.jar;C:\Users\YOALANAZI\.m2\repository\org\apache\commons\commons-lang3\3.12.0\commons-lang3-3.12.0.jar;C:\Users\YOALANAZI\.m2\repository\org\codehaus\plexus\plexus-container-default\2.1.1\plexus-container-default-2.1.1.jar;C:\Users\YOALANAZI\.m2\repository\org\codehaus\plexus\plexus-classworlds\2.6.0\plexus-classworlds-2.6.0.jar;C:\Users\YOALANAZI\.m2\repository\org\apache\xbean\xbean-reflect\3.7\xbean-reflect-3.7.jar;C:\Users\YOALANAZI\.m2\repository\junit\junit\4.13.2\junit-4.13.2.jar;C:\Users\YOALANAZI\.m2\repository\org\hamcrest\hamcrest-core\1.3\hamcrest-core-1.3.jar;C:\Users\YOALANAZI\.m2\repository\org\codehaus\plexus\plexus-resources\1.2.0\plexus-resources-1.2.0.jar;C:\Users\YOALANAZI\.m2\repository\javax\inject\javax.inject\1\javax.inject-1.jar;C:\Users\YOALANAZI\.m2\repository\org\codehaus\plexus\plexus-utils\3.5.0\plexus-utils-3.5.0.jar;"/>
    <property name="sun.cpu.endian" value="little"/>
    <property name="user.home" value="C:\Users\YOALANAZI"/>
    <property name="user.language" value="en"/>
    <property name="java.specification.vendor" value="Oracle Corporation"/>
    <property name="jdk.module.path" value="C:\Users\YOALANAZI\Desktop\java_course\javatest\starter\catpoint-parent\SecService\target\classes;C:\Users\YOALANAZI\Desktop\java_course\javatest\starter\catpoint-parent\ImageService\target\ImageService-1.0-SNAPSHOT.jar;C:\Users\YOALANAZI\.m2\repository\org\slf4j\slf4j-api\1.5.6\slf4j-api-1.5.6.jar;C:\Users\YOALANAZI\.m2\repository\software\amazon\awssdk\sdk-core\2.18.34\sdk-core-2.18.34.jar;C:\Users\YOALANAZI\.m2\repository\software\amazon\awssdk\rekognition\2.18.34\rekognition-2.18.34.jar;C:\Users\YOALANAZI\.m2\repository\software\amazon\awssdk\regions\2.18.34\regions-2.18.34.jar;C:\Users\YOALANAZI\.m2\repository\software\amazon\awssdk\auth\2.18.34\auth-2.18.34.jar;C:\Users\YOALANAZI\.m2\repository\com\miglayout\miglayout-swing\5.0\miglayout-swing-5.0.jar;C:\Users\YOALANAZI\.m2\repository\com\google\code\gson\gson\2.10\gson-2.10.jar;C:\Users\YOALANAZI\.m2\repository\com\google\guava\guava\19.0-rc1\guava-19.0-rc1.jar"/>
    <property name="java.version.date" value="2022-09-20"/>
    <property name="java.home" value="C:\Program Files\Java\jdk-19"/>
    <property name="file.separator" value="\"/>
    <property name="basedir" value="C:\Users\YOALANAZI\Desktop\java_course\javatest\starter\catpoint-parent\SecService"/>
    <property name="java.vm.compressedOopsMode" value="Zero based"/>
    <property name="line.separator" value="&#10;"/>
    <property name="java.vm.specification.vendor" value="Oracle Corporation"/>
    <property name="java.specification.name" value="Java Platform API Specification"/>
    <property name="surefire.real.class.path" value="C:\Users\YOALANAZI\.m2\repository\org\apache\maven\surefire\surefire-booter\3.0.0-M5\surefire-booter-3.0.0-M5.jar;C:\Users\YOALANAZI\.m2\repository\org\apache\maven\surefire\surefire-api\3.0.0-M5\surefire-api-3.0.0-M5.jar;C:\Users\YOALANAZI\.m2\repository\org\apache\maven\surefire\surefire-logger-api\3.0.0-M5\surefire-logger-api-3.0.0-M5.jar;C:\Users\YOALANAZI\.m2\repository\org\apache\maven\surefire\surefire-shared-utils\3.0.0-M4\surefire-shared-utils-3.0.0-M4.jar;C:\Users\YOALANAZI\.m2\repository\org\apache\maven\surefire\surefire-extensions-spi\3.0.0-M5\surefire-extensions-spi-3.0.0-M5.jar;C:\Users\YOALANAZI\Desktop\java_course\javatest\starter\catpoint-parent\SecService\target\test-classes;C:\Users\YOALANAZI\.m2\repository\software\amazon\awssdk\protocol-core\2.18.34\protocol-core-2.18.34.jar;C:\Users\YOALANAZI\.m2\repository\org\reactivestreams\reactive-streams\1.0.3\reactive-streams-1.0.3.jar;C:\Users\YOALANAZI\.m2\repository\software\amazon\awssdk\annotations\2.18.34\annotations-2.18.34.jar;C:\Users\YOALANAZI\.m2\repository\software\amazon\awssdk\utils\2.18.34\utils-2.18.34.jar;C:\Users\YOALANAZI\.m2\repository\software\amazon\awssdk\http-client-spi\2.18.34\http-client-spi-2.18.34.jar;C:\Users\YOALANAZI\.m2\repository\software\amazon\awssdk\aws-json-protocol\2.18.34\aws-json-protocol-2.18.34.jar;C:\Users\YOALANAZI\.m2\repository\software\amazon\awssdk\third-party-jackson-core\2.18.34\third-party-jackson-core-2.18.34.jar;C:\Users\YOALANAZI\.m2\repository\software\amazon\awssdk\aws-core\2.18.34\aws-core-2.18.34.jar;C:\Users\YOALANAZI\.m2\repository\software\amazon\awssdk\metrics-spi\2.18.34\metrics-spi-2.18.34.jar;C:\Users\YOALANAZI\.m2\repository\software\amazon\awssdk\json-utils\2.18.34\json-utils-2.18.34.jar;C:\Users\YOALANAZI\.m2\repository\software\amazon\awssdk\endpoints-spi\2.18.34\endpoints-spi-2.18.34.jar;C:\Users\YOALANAZI\.m2\repository\software\amazon\awssdk\apache-client\2.18.34\apache-client-2.18.34.jar;C:\Users\YOALANAZI\.m2\repository\software\amazon\awssdk\netty-nio-client\2.18.34\netty-nio-client-2.18.34.jar;C:\Users\YOALANAZI\.m2\repository\io\netty\netty-codec-http\4.1.77.Final\netty-codec-http-4.1.77.Final.jar;C:\Users\YOALANAZI\.m2\repository\io\netty\netty-codec-http2\4.1.77.Final\netty-codec-http2-4.1.77.Final.jar;C:\Users\YOALANAZI\.m2\repository\io\netty\netty-codec\4.1.77.Final\netty-codec-4.1.77.Final.jar;C:\Users\YOALANAZI\.m2\repository\io\netty\netty-transport\4.1.77.Final\netty-transport-4.1.77.Final.jar;C:\Users\YOALANAZI\.m2\repository\io\netty\netty-resolver\4.1.77.Final\netty-resolver-4.1.77.Final.jar;C:\Users\YOALANAZI\.m2\repository\io\netty\netty-common\4.1.77.Final\netty-common-4.1.77.Final.jar;C:\Users\YOALANAZI\.m2\repository\io\netty\netty-buffer\4.1.77.Final\netty-buffer-4.1.77.Final.jar;C:\Users\YOALANAZI\.m2\repository\io\netty\netty-handler\4.1.77.Final\netty-handler-4.1.77.Final.jar;C:\Users\YOALANAZI\.m2\repository\io\netty\netty-transport-classes-epoll\4.1.77.Final\netty-transport-classes-epoll-4.1.77.Final.jar;C:\Users\YOALANAZI\.m2\repository\io\netty\netty-transport-native-unix-common\4.1.77.Final\netty-transport-native-unix-common-4.1.77.Final.jar;C:\Users\YOALANAZI\.m2\repository\software\amazon\awssdk\profiles\2.18.34\profiles-2.18.34.jar;C:\Users\YOALANAZI\.m2\repository\software\amazon\eventstream\eventstream\1.0.1\eventstream-1.0.1.jar;C:\Users\YOALANAZI\.m2\repository\org\mockito\mockito-junit-jupiter\4.8.0\mockito-junit-jupiter-4.8.0.jar;C:\Users\YOALANAZI\.m2\repository\org\junit\jupiter\junit-jupiter-api\5.9.1\junit-jupiter-api-5.9.1.jar;C:\Users\YOALANAZI\.m2\repository\org\opentest4j\opentest4j\1.2.0\opentest4j-1.2.0.jar;C:\Users\YOALANAZI\.m2\repository\org\junit\platform\junit-platform-commons\1.9.1\junit-platform-commons-1.9.1.jar;C:\Users\YOALANAZI\.m2\repository\org\apiguardian\apiguardian-api\1.1.2\apiguardian-api-1.1.2.jar;C:\Users\YOALANAZI\.m2\repository\org\mockito\mockito-core\4.8.0\mockito-core-4.8.0.jar;C:\Users\YOALANAZI\.m2\repository\net\bytebuddy\byte-buddy\1.12.14\byte-buddy-1.12.14.jar;C:\Users\YOALANAZI\.m2\repository\net\bytebuddy\byte-buddy-agent\1.12.14\byte-buddy-agent-1.12.14.jar;C:\Users\YOALANAZI\.m2\repository\org\objenesis\objenesis\3.2\objenesis-3.2.jar;C:\Users\YOALANAZI\.m2\repository\org\junit\jupiter\junit-jupiter-params\5.9.1\junit-jupiter-params-5.9.1.jar;C:\Users\YOALANAZI\.m2\repository\com\miglayout\miglayout-core\5.0\miglayout-core-5.0.jar;C:\Users\YOALANAZI\.m2\repository\com\openhtmltopdf\openhtmltopdf-core\0.0.1-RC9\openhtmltopdf-core-0.0.1-RC9.jar;C:\Users\YOALANAZI\.m2\repository\com\github\spotbugs\spotbugs-maven-plugin\4.7.3.0\spotbugs-maven-plugin-4.7.3.0.jar;C:\Users\YOALANAZI\.m2\repository\com\github\spotbugs\spotbugs\4.7.3\spotbugs-4.7.3.jar;C:\Users\YOALANAZI\.m2\repository\org\apache\bcel\bcel\6.5.0\bcel-6.5.0.jar;C:\Users\YOALANAZI\.m2\repository\net\jcip\jcip-annotations\1.0\jcip-annotations-1.0.jar;C:\Users\YOALANAZI\.m2\repository\org\dom4j\dom4j\2.1.3\dom4j-2.1.3.jar;C:\Users\YOALANAZI\.m2\repository\org\apache\commons\commons-text\1.10.0\commons-text-1.10.0.jar;C:\Users\YOALANAZI\.m2\repository\com\github\spotbugs\spotbugs-annotations\4.7.3\spotbugs-annotations-4.7.3.jar;C:\Users\YOALANAZI\.m2\repository\com\google\code\findbugs\jsr305\3.0.2\jsr305-3.0.2.jar;C:\Users\YOALANAZI\.m2\repository\jaxen\jaxen\1.2.0\jaxen-1.2.0.jar;C:\Users\YOALANAZI\.m2\repository\net\sf\saxon\Saxon-HE\11.4\Saxon-HE-11.4.jar;C:\Users\YOALANAZI\.m2\repository\org\xmlresolver\xmlresolver\4.4.3\xmlresolver-4.4.3.jar;C:\Users\YOALANAZI\.m2\repository\org\apache\httpcomponents\client5\httpclient5\5.1.3\httpclient5-5.1.3.jar;C:\Users\YOALANAZI\.m2\repository\org\apache\httpcomponents\core5\httpcore5-h2\5.1.3\httpcore5-h2-5.1.3.jar;C:\Users\YOALANAZI\.m2\repository\org\apache\httpcomponents\core5\httpcore5\5.1.3\httpcore5-5.1.3.jar;C:\Users\YOALANAZI\.m2\repository\xml-apis\xml-apis\1.4.01\xml-apis-1.4.01.jar;C:\Users\YOALANAZI\.m2\repository\org\xmlresolver\xmlresolver\4.4.3\xmlresolver-4.4.3-data.jar;C:\Users\YOALANAZI\.m2\repository\org\apache\logging\log4j\log4j-core\2.19.0\log4j-core-2.19.0.jar;C:\Users\YOALANAZI\.m2\repository\org\apache\logging\log4j\log4j-api\2.19.0\log4j-api-2.19.0.jar;C:\Users\YOALANAZI\.m2\repository\org\slf4j\jcl-over-slf4j\2.0.3\jcl-over-slf4j-2.0.3.jar;C:\Users\YOALANAZI\.m2\repository\org\slf4j\slf4j-simple\2.0.3\slf4j-simple-2.0.3.jar;C:\Users\YOALANAZI\.m2\repository\org\ow2\asm\asm\9.4\asm-9.4.jar;C:\Users\YOALANAZI\.m2\repository\org\ow2\asm\asm-analysis\9.4\asm-analysis-9.4.jar;C:\Users\YOALANAZI\.m2\repository\org\ow2\asm\asm-commons\9.4\asm-commons-9.4.jar;C:\Users\YOALANAZI\.m2\repository\org\ow2\asm\asm-tree\9.4\asm-tree-9.4.jar;C:\Users\YOALANAZI\.m2\repository\org\ow2\asm\asm-util\9.4\asm-util-9.4.jar;C:\Users\YOALANAZI\.m2\repository\org\apache\ant\ant\1.10.12\ant-1.10.12.jar;C:\Users\YOALANAZI\.m2\repository\org\apache\ant\ant-launcher\1.10.12\ant-launcher-1.10.12.jar;C:\Users\YOALANAZI\.m2\repository\org\apache\groovy\groovy\4.0.6\groovy-4.0.6.jar;C:\Users\YOALANAZI\.m2\repository\org\apache\groovy\groovy-ant\4.0.6\groovy-ant-4.0.6.jar;C:\Users\YOALANAZI\.m2\repository\org\apache\groovy\groovy-groovydoc\4.0.6\groovy-groovydoc-4.0.6.jar;C:\Users\YOALANAZI\.m2\repository\org\apache\groovy\groovy-dateutil\4.0.6\groovy-dateutil-4.0.6.jar;C:\Users\YOALANAZI\.m2\repository\org\apache\groovy\groovy-docgenerator\4.0.6\groovy-docgenerator-4.0.6.jar;C:\Users\YOALANAZI\.m2\repository\com\thoughtworks\qdox\qdox\1.12.1\qdox-1.12.1.jar;C:\Users\YOALANAZI\.m2\repository\org\apache\groovy\groovy-json\4.0.6\groovy-json-4.0.6.jar;C:\Users\YOALANAZI\.m2\repository\org\apache\groovy\groovy-templates\4.0.6\groovy-templates-4.0.6.jar;C:\Users\YOALANAZI\.m2\repository\org\apache\groovy\groovy-xml\4.0.6\groovy-xml-4.0.6.jar;C:\Users\YOALANAZI\.m2\repository\com\github\javaparser\javaparser-core\3.24.7\javaparser-core-3.24.7.jar;C:\Users\YOALANAZI\.m2\repository\org\apache\maven\reporting\maven-reporting-impl\3.2.0\maven-reporting-impl-3.2.0.jar;C:\Users\YOALANAZI\.m2\repository\org\apache\maven\maven-core\3.1.0\maven-core-3.1.0.jar;C:\Users\YOALANAZI\.m2\repository\org\apache\maven\maven-settings\3.1.0\maven-settings-3.1.0.jar;C:\Users\YOALANAZI\.m2\repository\org\apache\maven\maven-settings-builder\3.1.0\maven-settings-builder-3.1.0.jar;C:\Users\YOALANAZI\.m2\repository\org\apache\maven\maven-repository-metadata\3.1.0\maven-repository-metadata-3.1.0.jar;C:\Users\YOALANAZI\.m2\repository\org\apache\maven\maven-model-builder\3.1.0\maven-model-builder-3.1.0.jar;C:\Users\YOALANAZI\.m2\repository\org\apache\maven\maven-aether-provider\3.1.0\maven-aether-provider-3.1.0.jar;C:\Users\YOALANAZI\.m2\repository\org\eclipse\aether\aether-spi\0.9.0.M2\aether-spi-0.9.0.M2.jar;C:\Users\YOALANAZI\.m2\repository\org\eclipse\aether\aether-impl\0.9.0.M2\aether-impl-0.9.0.M2.jar;C:\Users\YOALANAZI\.m2\repository\org\eclipse\aether\aether-api\0.9.0.M2\aether-api-0.9.0.M2.jar;C:\Users\YOALANAZI\.m2\repository\org\eclipse\aether\aether-util\0.9.0.M2\aether-util-0.9.0.M2.jar;C:\Users\YOALANAZI\.m2\repository\org\eclipse\sisu\org.eclipse.sisu.plexus\0.0.0.M2a\org.eclipse.sisu.plexus-0.0.0.M2a.jar;C:\Users\YOALANAZI\.m2\repository\javax\enterprise\cdi-api\1.0\cdi-api-1.0.jar;C:\Users\YOALANAZI\.m2\repository\javax\annotation\jsr250-api\1.0\jsr250-api-1.0.jar;C:\Users\YOALANAZI\.m2\repository\org\sonatype\sisu\sisu-guice\3.1.0\sisu-guice-3.1.0-no_aop.jar;C:\Users\YOALANAZI\.m2\repository\aopalliance\aopalliance\1.0\aopalliance-1.0.jar;C:\Users\YOALANAZI\.m2\repository\org\eclipse\sisu\org.eclipse.sisu.inject\0.0.0.M2a\org.eclipse.sisu.inject-0.0.0.M2a.jar;C:\Users\YOALANAZI\.m2\repository\asm\asm\3.3.1\asm-3.3.1.jar;C:\Users\YOALANAZI\.m2\repository\org\sonatype\plexus\plexus-sec-dispatcher\1.3\plexus-sec-dispatcher-1.3.jar;C:\Users\YOALANAZI\.m2\repository\org\sonatype\plexus\plexus-cipher\1.4\plexus-cipher-1.4.jar;C:\Users\YOALANAZI\.m2\repository\org\apache\maven\maven-artifact\3.1.0\maven-artifact-3.1.0.jar;C:\Users\YOALANAZI\.m2\repository\org\apache\maven\maven-plugin-api\3.1.0\maven-plugin-api-3.1.0.jar;C:\Users\YOALANAZI\.m2\repository\org\apache\maven\reporting\maven-reporting-api\3.1.1\maven-reporting-api-3.1.1.jar;C:\Users\YOALANAZI\.m2\repository\org\apache\maven\shared\maven-artifact-transfer\0.13.1\maven-artifact-transfer-0.13.1.jar;C:\Users\YOALANAZI\.m2\repository\org\codehaus\plexus\plexus-component-annotations\2.0.0\plexus-component-annotations-2.0.0.jar;C:\Users\YOALANAZI\.m2\repository\org\apache\maven\shared\maven-common-artifact-filters\3.3.2\maven-common-artifact-filters-3.3.2.jar;C:\Users\YOALANAZI\.m2\repository\org\apache\maven\shared\maven-shared-utils\3.3.4\maven-shared-utils-3.3.4.jar;C:\Users\YOALANAZI\.m2\repository\org\apache\maven\doxia\doxia-core\1.11.1\doxia-core-1.11.1.jar;C:\Users\YOALANAZI\.m2\repository\org\apache\maven\doxia\doxia-logging-api\1.11.1\doxia-logging-api-1.11.1.jar;C:\Users\YOALANAZI\.m2\repository\org\apache\httpcomponents\httpclient\4.5.13\httpclient-4.5.13.jar;C:\Users\YOALANAZI\.m2\repository\org\apache\httpcomponents\httpcore\4.4.14\httpcore-4.4.14.jar;C:\Users\YOALANAZI\.m2\repository\org\apache\maven\doxia\doxia-sink-api\1.11.1\doxia-sink-api-1.11.1.jar;C:\Users\YOALANAZI\.m2\repository\org\apache\maven\doxia\doxia-decoration-model\1.11.1\doxia-decoration-model-1.11.1.jar;C:\Users\YOALANAZI\.m2\repository\org\apache\maven\doxia\doxia-site-renderer\1.11.1\doxia-site-renderer-1.11.1.jar;C:\Users\YOALANAZI\.m2\repository\org\apache\maven\doxia\doxia-skin-model\1.11.1\doxia-skin-model-1.11.1.jar;C:\Users\YOALANAZI\.m2\repository\org\apache\maven\doxia\doxia-module-xhtml\1.11.1\doxia-module-xhtml-1.11.1.jar;C:\Users\YOALANAZI\.m2\repository\org\apache\maven\doxia\doxia-module-xhtml5\1.11.1\doxia-module-xhtml5-1.11.1.jar;C:\Users\YOALANAZI\.m2\repository\org\codehaus\plexus\plexus-i18n\1.0-beta-10\plexus-i18n-1.0-beta-10.jar;C:\Users\YOALANAZI\.m2\repository\org\codehaus\plexus\plexus-velocity\1.2\plexus-velocity-1.2.jar;C:\Users\YOALANAZI\.m2\repository\org\apache\velocity\velocity\1.7\velocity-1.7.jar;C:\Users\YOALANAZI\.m2\repository\org\apache\velocity\velocity-tools\2.0\velocity-tools-2.0.jar;C:\Users\YOALANAZI\.m2\repository\oro\oro\2.0.8\oro-2.0.8.jar;C:\Users\YOALANAZI\.m2\repository\org\apache\maven\doxia\doxia-integration-tools\1.11.1\doxia-integration-tools-1.11.1.jar;C:\Users\YOALANAZI\.m2\repository\org\apache\maven\maven-model\2.2.1\maven-model-2.2.1.jar;C:\Users\YOALANAZI\.m2\repository\org\codehaus\plexus\plexus-interpolation\1.26\plexus-interpolation-1.26.jar;C:\Users\YOALANAZI\.m2\repository\commons-beanutils\commons-beanutils\1.9.4\commons-beanutils-1.9.4.jar;C:\Users\YOALANAZI\.m2\repository\commons-chain\commons-chain\1.2\commons-chain-1.2.jar;C:\Users\YOALANAZI\.m2\repository\commons-codec\commons-codec\1.15\commons-codec-1.15.jar;C:\Users\YOALANAZI\.m2\repository\commons-collections\commons-collections\3.2.2\commons-collections-3.2.2.jar;C:\Users\YOALANAZI\.m2\repository\commons-digester\commons-digester\2.1\commons-digester-2.1.jar;C:\Users\YOALANAZI\.m2\repository\commons-io\commons-io\2.11.0\commons-io-2.11.0.jar;C:\Users\YOALANAZI\.m2\repository\commons-lang\commons-lang\2.6\commons-lang-2.6.jar;C:\Users\YOALANAZI\.m2\repository\org\apache\commons\commons-lang3\3.12.0\commons-lang3-3.12.0.jar;C:\Users\YOALANAZI\.m2\repository\org\codehaus\plexus\plexus-container-default\2.1.1\plexus-container-default-2.1.1.jar;C:\Users\YOALANAZI\.m2\repository\org\codehaus\plexus\plexus-classworlds\2.6.0\plexus-classworlds-2.6.0.jar;C:\Users\YOALANAZI\.m2\repository\org\apache\xbean\xbean-reflect\3.7\xbean-reflect-3.7.jar;C:\Users\YOALANAZI\.m2\repository\junit\junit\4.13.2\junit-4.13.2.jar;C:\Users\YOALANAZI\.m2\repository\org\hamcrest\hamcrest-core\1.3\hamcrest-core-1.3.jar;C:\Users\YOALANAZI\.m2\repository\org\codehaus\plexus\plexus-resources\1.2.0\plexus-resources-1.2.0.jar;C:\Users\YOALANAZI\.m2\repository\javax\inject\javax.inject\1\javax.inject-1.jar;C:\Users\YOALANAZI\.m2\repository\org\codehaus\plexus\plexus-utils\3.5.0\plexus-utils-3.5.0.jar;C:\Users\YOALANAZI\.m2\repository\org\apache\maven\surefire\surefire-junit-platform\3.0.0-M5\surefire-junit-platform-3.0.0-M5.jar;C:\Users\YOALANAZI\.m2\repository\org\apache\maven\surefire\common-java5\3.0.0-M5\common-java5-3.0.0-M5.jar;C:\Users\YOALANAZI\.m2\repository\org\junit\platform\junit-platform-launcher\1.9.1\junit-platform-launcher-1.9.1.jar;C:\Users\YOALANAZI\.m2\repository\org\junit\platform\junit-platform-engine\1.9.1\junit-platform-engine-1.9.1.jar;C:\Users\YOALANAZI\.m2\repository\org\junit\jupiter\junit-jupiter-engine\5.9.1\junit-jupiter-engine-5.9.1.jar;C:\Users\YOALANAZI\.m2\repository\org\junit\vintage\junit-vintage-engine\5.9.1\junit-vintage-engine-5.9.1.jar"/>
    <property name="user.script" value=""/>
    <property name="sun.management.compiler" value="HotSpot 64-Bit Tiered Compilers"/>
    <property name="java.runtime.version" value="19+36-2238"/>
    <property name="user.name" value="yoalanazi"/>
    <property name="stdout.encoding" value="Cp1252"/>
    <property name="path.separator" value=";"/>
    <property name="os.version" value="10.0"/>
    <property name="java.runtime.name" value="Java(TM) SE Runtime Environment"/>
    <property name="file.encoding" value="UTF-8"/>
    <property name="java.vm.name" value="Java HotSpot(TM) 64-Bit Server VM"/>
    <property name="localRepository" value="C:\Users\YOALANAZI\.m2\repository"/>
    <property name="java.vendor.url.bug" value="https://bugreport.java.com/bugreport/"/>
    <property name="java.io.tmpdir" value="C:\Users\YOALAN~1\AppData\Local\Temp\"/>
    <property name="idea.version" value="2022.2.2"/>
    <property name="java.version" value="19"/>
    <property name="user.dir" value="C:\Users\YOALANAZI\Desktop\java_course\javatest\starter\catpoint-parent\SecService"/>
    <property name="os.arch" value="amd64"/>
    <property name="java.vm.specification.name" value="Java Virtual Machine Specification"/>
    <property name="sun.os.patch.level" value=""/>
    <property name="native.encoding" value="Cp1252"/>
    <property name="java.library.path" value="C:\Program Files\Java\jdk-19\bin;C:\Windows\Sun\Java\bin;C:\Windows\system32;C:\Windows;C:\Program Files\Common Files\Oracle\Java\javapath;C:\Program Files (x86)\Common Files\Oracle\Java\javapath;C:\Windows\system32;C:\Windows;C:\Windows\System32\Wbem;C:\Windows\System32\WindowsPowerShell\v1.0\;C:\Windows\System32\OpenSSH\;C:\Windows\CCM;C:\Program Files\Git\cmd;C:\Program Files\nodejs\;C:\Users\YOALANAZI\AppData\Local\Microsoft\WindowsApps;C:\Users\YOALANAZI\AppData\Local\atom\bin;C:\Users\YOALANAZI\AppData\Local\Programs\Microsoft VS Code\bin;C:\Program Files\Java\jdk-19;C:\Program Files\apache-maven-3.8.6\bin;C:\Program Files\Java\jdk-19\bin;C:\Program Files\apache-maven-3.8.6\bin\bin;C:\Users\YOALANAZI\AppData\Local\GitHubDesktop\bin;C:\Users\YOALANAZI\AppData\Roaming\npm;."/>
    <property name="java.vm.info" value="mixed mode"/>
    <property name="stderr.encoding" value="Cp1252"/>
    <property name="java.vendor" value="Oracle Corporation"/>
    <property name="java.vm.version" value="19+36-2238"/>
    <property name="sun.io.unicode.encoding" value="UnicodeLittle"/>
    <property name="java.class.version" value="63.0"/>
  </properties>
  <testcase name="From_Disarmed_to_NoAlarm" classname="com.udacity.catpoint.service.SecurityServiceTest" time="0.74"/>
  <testcase name="Sensor_inactive_ToActive" classname="com.udacity.catpoint.service.SecurityServiceTest" time="0.016"/>
  <testcase name="Deactivation_sensor_from_pending_to_noAlarm" classname="com.udacity.catpoint.service.SecurityServiceTest" time="0.065"/>
  <testcase name="Changing_sensor_deactivation(ArmingStatus)[1]" classname="com.udacity.catpoint.service.SecurityServiceTest" time="0.023"/>
  <testcase name="Changing_sensor_deactivation(ArmingStatus)[2]" classname="com.udacity.catpoint.service.SecurityServiceTest" time="0.003"/>
  <testcase name="Add_and_remove_sensor" classname="com.udacity.catpoint.service.SecurityServiceTest" time="0.003"/>
  <testcase name="Sensor_Activation_from_Pending_to_Alarm" classname="com.udacity.catpoint.service.SecurityServiceTest" time="0.003"/>
  <testcase name="Sensor_Panding_Armed_isActive(ArmingStatus)[1]" classname="com.udacity.catpoint.service.SecurityServiceTest" time="0.002"/>
  <testcase name="Sensor_Panding_Armed_isActive(ArmingStatus)[2]" classname="com.udacity.catpoint.service.SecurityServiceTest" time="0.003"/>
  <testcase name="Sensor_Panding_Armed_isActive(ArmingStatus)[3]" classname="com.udacity.catpoint.service.SecurityServiceTest" time="0.002"/>
  <testcase name="Cat_founding_AlarmStatus" classname="com.udacity.catpoint.service.SecurityServiceTest" time="0.003"/>
  <testcase name="Cat_Notfound_NoAlarmStatus" classname="com.udacity.catpoint.service.SecurityServiceTest" time="0.004"/>
  <testcase name="If_Armed_rest_To_Inactive" classname="com.udacity.catpoint.service.SecurityServiceTest" time="0.004"/>
  <testcase name="If_ArmedHome_Found_Cat_set_Alarm" classname="com.udacity.catpoint.service.SecurityServiceTest" time="0.004"/>
  <testcase name="Sensor_Inactive_NoChange_ToAlarm(AlarmStatus)[1]" classname="com.udacity.catpoint.service.SecurityServiceTest" time="0.002"/>
  <testcase name="Sensor_Inactive_NoChange_ToAlarm(AlarmStatus)[2]" classname="com.udacity.catpoint.service.SecurityServiceTest" time="0.002"/>
  <testcase name="Sensor_Inactive_NoChange_ToAlarm(AlarmStatus)[3]" classname="com.udacity.catpoint.service.SecurityServiceTest" time="0.002"/>
  <testcase name="Change_Sensor_from_pending_to_Alarm" classname="com.udacity.catpoint.service.SecurityServiceTest" time="0.002"/>
</testsuite>